Performing C SOURCE FILE Test CMAKE_HAVE_LIBC_PTHREAD failed with the following output:
Change Dir: /home/shihab/omobot_js/build/CMakeFiles/CMakeTmp

Run Build Command(s):/usr/bin/make cmTC_d8a0b/fast && /usr/bin/make  -f CMakeFiles/cmTC_d8a0b.dir/build.make CMakeFiles/cmTC_d8a0b.dir/build
make[1]: Entering directory '/home/shihab/omobot_js/build/CMakeFiles/CMakeTmp'
Building C object CMakeFiles/cmTC_d8a0b.dir/src.c.o
/usr/bin/cc -DCMAKE_HAVE_LIBC_PTHREAD   -o CMakeFiles/cmTC_d8a0b.dir/src.c.o -c /home/shihab/omobot_js/build/CMakeFiles/CMakeTmp/src.c
Linking C executable cmTC_d8a0b
/usr/local/bin/cmake -E cmake_link_script CMakeFiles/cmTC_d8a0b.dir/link.txt --verbose=1
/usr/bin/cc -rdynamic CMakeFiles/cmTC_d8a0b.dir/src.c.o -o cmTC_d8a0b 
CMakeFiles/cmTC_d8a0b.dir/src.c.o: In function `main':
src.c:(.text+0x48): undefined reference to `pthread_create'
src.c:(.text+0x50): undefined reference to `pthread_detach'
src.c:(.text+0x58): undefined reference to `pthread_cancel'
src.c:(.text+0x64): undefined reference to `pthread_join'
src.c:(.text+0x74): undefined reference to `pthread_atfork'
collect2: error: ld returned 1 exit status
CMakeFiles/cmTC_d8a0b.dir/build.make:105: recipe for target 'cmTC_d8a0b' failed
make[1]: *** [cmTC_d8a0b] Error 1
make[1]: Leaving directory '/home/shihab/omobot_js/build/CMakeFiles/CMakeTmp'
Makefile:140: recipe for target 'cmTC_d8a0b/fast' failed
make: *** [cmTC_d8a0b/fast] Error 2


Source file was:
#include <pthread.h>

static void* test_func(void* data)
{
  return data;
}

int main(void)
{
  pthread_t thread;
  pthread_create(&thread, NULL, test_func, NULL);
  pthread_detach(thread);
  pthread_cancel(thread);
  pthread_join(thread, NULL);
  pthread_atfork(NULL, NULL, NULL);
  pthread_exit(NULL);

  return 0;
}

Determining if the function pthread_create exists in the pthreads failed with the following output:
Change Dir: /home/shihab/omobot_js/build/CMakeFiles/CMakeTmp

Run Build Command(s):/usr/bin/make cmTC_8f808/fast && /usr/bin/make  -f CMakeFiles/cmTC_8f808.dir/build.make CMakeFiles/cmTC_8f808.dir/build
make[1]: Entering directory '/home/shihab/omobot_js/build/CMakeFiles/CMakeTmp'
Building C object CMakeFiles/cmTC_8f808.dir/CheckFunctionExists.c.o
/usr/bin/cc   -DCHECK_FUNCTION_EXISTS=pthread_create -o CMakeFiles/cmTC_8f808.dir/CheckFunctionExists.c.o -c /usr/local/share/cmake-3.19/Modules/CheckFunctionExists.c
Linking C executable cmTC_8f808
/usr/local/bin/cmake -E cmake_link_script CMakeFiles/cmTC_8f808.dir/link.txt --verbose=1
/usr/bin/cc  -DCHECK_FUNCTION_EXISTS=pthread_create -rdynamic CMakeFiles/cmTC_8f808.dir/CheckFunctionExists.c.o -o cmTC_8f808  -lpthreads 
/usr/bin/ld: cannot find -lpthreads
collect2: error: ld returned 1 exit status
CMakeFiles/cmTC_8f808.dir/build.make:105: recipe for target 'cmTC_8f808' failed
make[1]: *** [cmTC_8f808] Error 1
make[1]: Leaving directory '/home/shihab/omobot_js/build/CMakeFiles/CMakeTmp'
Makefile:140: recipe for target 'cmTC_8f808/fast' failed
make: *** [cmTC_8f808/fast] Error 2



